Command line:
   MMTB_isim_beh.exe
     -simmode  gui
     -simrunnum  0
     -socket  52479

Mon Apr 20 17:14:08 2020


 Elaboration Time: 0.03125 sec

 Current Memory Usage: 5159.6 Meg

 Total Signals          : 10
 Total Nets             : 5
 Total Signal Drivers   : 5
 Total Blocks           : 3
 Total Primitive Blocks : 2
 Total Processes        : 4
 Total Traceable Variables  : 8
 Total Scalar Nets and Variables : 365
Total Line Count : 16

 Total Simulation Time: 0.3125 sec

 Current Memory Usage: 5474.17 Meg

Mon Apr 20 17:14:54 2020

