Command line:
   Mooretb_isim_beh.exe
     -simmode  gui
     -simrunnum  0
     -socket  53452

Mon Apr 20 20:34:50 2020


 Elaboration Time: 0.0625 sec

 Current Memory Usage: 5159.54 Meg

 Total Signals          : 14
 Total Nets             : 7
 Total Signal Drivers   : 7
 Total Blocks           : 3
 Total Primitive Blocks : 2
 Total Processes        : 5
 Total Traceable Variables  : 8
 Total Scalar Nets and Variables : 367
Total Line Count : 37

 Total Simulation Time: 0.15625 sec

 Current Memory Usage: 4687.68 Meg

Mon Apr 20 21:38:31 2020

