Command line:
   MMTB_isim_beh.exe
     -simmode  gui
     -simrunnum  0
     -socket  52565

Mon Apr 20 17:47:22 2020


 Elaboration Time: 0.03125 sec

 Current Memory Usage: 5159.56 Meg

 Total Signals          : 10
 Total Nets             : 5
 Total Signal Drivers   : 5
 Total Blocks           : 3
 Total Primitive Blocks : 2
 Total Processes        : 4
 Total Traceable Variables  : 8
 Total Scalar Nets and Variables : 365
Total Line Count : 16

 Total Simulation Time: 0.203125 sec

 Current Memory Usage: 4687.7 Meg

Mon Apr 20 17:59:17 2020

